
[GET /bookings/BB606BA6-6146-4A71-BC8B-7A2714979BA1] req.user: {"id":"0a6e6baa-729a-4e83-9a2c-cecb79e73652","user_id":"0a6e6baa-729a-4e83-9a2c-cecb79e73652","email":"Guesthouse@nitt.edu","role":"gh_coordinator","iat":1779702002,"exp":1780306802}
-> SUCCESS!
[GET /bookings LIST] req.user: {"id":"0a6e6baa-729a-4e83-9a2c-cecb79e73652","user_id":"0a6e6baa-729a-4e83-9a2c-cecb79e73652","email":"Guesthouse@nitt.edu","role":"gh_coordinator","iat":1779702002,"exp":1780306802}
-> LIST SUCCESS, count: 8
[GET /bookings LIST] req.user: {"id":"0a6e6baa-729a-4e83-9a2c-cecb79e73652","user_id":"0a6e6baa-729a-4e83-9a2c-cecb79e73652","email":"Guesthouse@nitt.edu","role":"gh_coordinator","iat":1779702002,"exp":1780306802}
-> LIST SUCCESS, count: 8
[GET /bookings LIST] req.user: {"id":"0a6e6baa-729a-4e83-9a2c-cecb79e73652","user_id":"0a6e6baa-729a-4e83-9a2c-cecb79e73652","email":"Guesthouse@nitt.edu","role":"gh_coordinator","iat":1779702002,"exp":1780306802}
-> LIST SUCCESS, count: 8
[GET /bookings/BB606BA6-6146-4A71-BC8B-7A2714979BA1] req.user: {"id":"0a6e6baa-729a-4e83-9a2c-cecb79e73652","user_id":"0a6e6baa-729a-4e83-9a2c-cecb79e73652","email":"Guesthouse@nitt.edu","role":"gh_coordinator","iat":1779702002,"exp":1780306802}
-> SUCCESS!
[GET /bookings/BB606BA6-6146-4A71-BC8B-7A2714979BA1] req.user: {"id":"0a6e6baa-729a-4e83-9a2c-cecb79e73652","user_id":"0a6e6baa-729a-4e83-9a2c-cecb79e73652","email":"Guesthouse@nitt.edu","role":"gh_coordinator","iat":1779702002,"exp":1780306802}
-> SUCCESS!
[GET /bookings LIST] req.user: {"id":"0a6e6baa-729a-4e83-9a2c-cecb79e73652","user_id":"0a6e6baa-729a-4e83-9a2c-cecb79e73652","email":"Guesthouse@nitt.edu","role":"gh_coordinator","iat":1779702002,"exp":1780306802}
-> LIST SUCCESS, count: 8
[GET /bookings LIST] req.user: {"id":"0a6e6baa-729a-4e83-9a2c-cecb79e73652","user_id":"0a6e6baa-729a-4e83-9a2c-cecb79e73652","email":"Guesthouse@nitt.edu","role":"gh_coordinator","iat":1779702002,"exp":1780306802}
-> LIST SUCCESS, count: 8
[GET /bookings/658f3ca8-0bc1-4dc1-b3c2-7156f86cf535] req.user: {"id":"0a6e6baa-729a-4e83-9a2c-cecb79e73652","user_id":"0a6e6baa-729a-4e83-9a2c-cecb79e73652","email":"Guesthouse@nitt.edu","role":"gh_coordinator","iat":1779702002,"exp":1780306802}
-> SUCCESS!
[GET /bookings/bb606ba6-6146-4a71-bc8b-7a2714979ba1] req.user: {"id":"0a6e6baa-729a-4e83-9a2c-cecb79e73652","user_id":"0a6e6baa-729a-4e83-9a2c-cecb79e73652","email":"Guesthouse@nitt.edu","role":"gh_coordinator","iat":1779702002,"exp":1780306802}
-> SUCCESS!
[GET /bookings/bb606ba6-6146-4a71-bc8b-7a2714979ba1] req.user: {"id":"0a6e6baa-729a-4e83-9a2c-cecb79e73652","user_id":"0a6e6baa-729a-4e83-9a2c-cecb79e73652","email":"Guesthouse@nitt.edu","role":"gh_coordinator","iat":1779702002,"exp":1780306802}
-> SUCCESS!
[GET /bookings/bb606ba6-6146-4a71-bc8b-7a2714979ba1] req.user: {"id":"0a6e6baa-729a-4e83-9a2c-cecb79e73652","user_id":"0a6e6baa-729a-4e83-9a2c-cecb79e73652","email":"Guesthouse@nitt.edu","role":"gh_coordinator","iat":1779702002,"exp":1780306802}
-> SUCCESS!
[GET /bookings/ce3bf1b8-a931-4ff7-aa89-9d4c82b09bb8] req.user: {"id":"0a6e6baa-729a-4e83-9a2c-cecb79e73652","user_id":"0a6e6baa-729a-4e83-9a2c-cecb79e73652","email":"Guesthouse@nitt.edu","role":"gh_coordinator","iat":1779702002,"exp":1780306802}
-> SUCCESS!
[GET /bookings/bb606ba6-6146-4a71-bc8b-7a2714979ba1] req.user: {"id":"0a6e6baa-729a-4e83-9a2c-cecb79e73652","user_id":"0a6e6baa-729a-4e83-9a2c-cecb79e73652","email":"Guesthouse@nitt.edu","role":"gh_coordinator","iat":1779702002,"exp":1780306802}
-> SUCCESS!
[GET /bookings/4ac05ce6-2be2-4ba8-9249-04cb3a44c4c6] req.user: {"id":"0a6e6baa-729a-4e83-9a2c-cecb79e73652","user_id":"0a6e6baa-729a-4e83-9a2c-cecb79e73652","email":"Guesthouse@nitt.edu","role":"gh_coordinator","iat":1779702002,"exp":1780306802}
-> SUCCESS!
[GET /bookings/90b3af3f-dfc9-46e1-b5a8-705f82fd3a77] req.user: {"id":"0a6e6baa-729a-4e83-9a2c-cecb79e73652","user_id":"0a6e6baa-729a-4e83-9a2c-cecb79e73652","email":"Guesthouse@nitt.edu","role":"gh_coordinator","iat":1779702002,"exp":1780306802}
-> SUCCESS!
[GET /bookings/4ac05ce6-2be2-4ba8-9249-04cb3a44c4c6] req.user: {"id":"0a6e6baa-729a-4e83-9a2c-cecb79e73652","user_id":"0a6e6baa-729a-4e83-9a2c-cecb79e73652","email":"Guesthouse@nitt.edu","role":"gh_coordinator","iat":1779702002,"exp":1780306802}
-> SUCCESS!
[GET /bookings/ce3bf1b8-a931-4ff7-aa89-9d4c82b09bb8] req.user: {"id":"0a6e6baa-729a-4e83-9a2c-cecb79e73652","user_id":"0a6e6baa-729a-4e83-9a2c-cecb79e73652","email":"Guesthouse@nitt.edu","role":"gh_coordinator","iat":1779702002,"exp":1780306802}
-> SUCCESS!
[GET /bookings LIST] req.user: {"id":"0a6e6baa-729a-4e83-9a2c-cecb79e73652","user_id":"0a6e6baa-729a-4e83-9a2c-cecb79e73652","email":"Guesthouse@nitt.edu","role":"gh_coordinator","iat":1779702002,"exp":1780306802}
-> LIST SUCCESS, count: 8
[GET /bookings LIST] req.user: {"id":"0a6e6baa-729a-4e83-9a2c-cecb79e73652","user_id":"0a6e6baa-729a-4e83-9a2c-cecb79e73652","email":"Guesthouse@nitt.edu","role":"gh_coordinator","iat":1779702002,"exp":1780306802}
-> LIST SUCCESS, count: 8
[GET /bookings/658f3ca8-0bc1-4dc1-b3c2-7156f86cf535] req.user: {"id":"0a6e6baa-729a-4e83-9a2c-cecb79e73652","user_id":"0a6e6baa-729a-4e83-9a2c-cecb79e73652","email":"Guesthouse@nitt.edu","role":"gh_coordinator","iat":1779702002,"exp":1780306802}
-> SUCCESS!
[GET /bookings LIST] req.user: {"id":"0a6e6baa-729a-4e83-9a2c-cecb79e73652","user_id":"0a6e6baa-729a-4e83-9a2c-cecb79e73652","email":"Guesthouse@nitt.edu","role":"gh_coordinator","iat":1779702002,"exp":1780306802}
-> LIST SUCCESS, count: 8
[GET /bookings LIST] req.user: {"id":"0a6e6baa-729a-4e83-9a2c-cecb79e73652","user_id":"0a6e6baa-729a-4e83-9a2c-cecb79e73652","email":"Guesthouse@nitt.edu","role":"gh_coordinator","iat":1779702002,"exp":1780306802}
-> LIST SUCCESS, count: 8
[GET /bookings LIST] req.user: {"id":"0a6e6baa-729a-4e83-9a2c-cecb79e73652","user_id":"0a6e6baa-729a-4e83-9a2c-cecb79e73652","email":"Guesthouse@nitt.edu","role":"gh_coordinator","iat":1779702002,"exp":1780306802}
-> LIST SUCCESS, count: 8
[GET /bookings/658f3ca8-0bc1-4dc1-b3c2-7156f86cf535] req.user: {"id":"0a6e6baa-729a-4e83-9a2c-cecb79e73652","user_id":"0a6e6baa-729a-4e83-9a2c-cecb79e73652","email":"Guesthouse@nitt.edu","role":"gh_coordinator","iat":1779702002,"exp":1780306802}
-> SUCCESS!
[GET /bookings LIST] req.user: {"id":"0a6e6baa-729a-4e83-9a2c-cecb79e73652","user_id":"0a6e6baa-729a-4e83-9a2c-cecb79e73652","email":"Guesthouse@nitt.edu","role":"gh_coordinator","iat":1779702002,"exp":1780306802}
-> LIST SUCCESS, count: 8
[GET /bookings LIST] req.user: {"id":"0a6e6baa-729a-4e83-9a2c-cecb79e73652","user_id":"0a6e6baa-729a-4e83-9a2c-cecb79e73652","email":"Guesthouse@nitt.edu","role":"gh_coordinator","iat":1779702002,"exp":1780306802}
-> LIST SUCCESS, count: 8
[GET /bookings LIST] req.user: {"id":"0a6e6baa-729a-4e83-9a2c-cecb79e73652","user_id":"0a6e6baa-729a-4e83-9a2c-cecb79e73652","email":"Guesthouse@nitt.edu","role":"gh_coordinator","iat":1779702002,"exp":1780306802}
-> LIST SUCCESS, count: 8
[GET /bookings LIST] req.user: {"id":"0a6e6baa-729a-4e83-9a2c-cecb79e73652","user_id":"0a6e6baa-729a-4e83-9a2c-cecb79e73652","email":"Guesthouse@nitt.edu","role":"gh_coordinator","iat":1779770550,"exp":1780375350}
-> LIST SUCCESS, count: 8
[GET /bookings/658f3ca8-0bc1-4dc1-b3c2-7156f86cf535] req.user: {"id":"0a6e6baa-729a-4e83-9a2c-cecb79e73652","user_id":"0a6e6baa-729a-4e83-9a2c-cecb79e73652","email":"Guesthouse@nitt.edu","role":"gh_coordinator","iat":1779770550,"exp":1780375350}
-> SUCCESS!